<?xml version="1.0" encoding="UTF-8"?>
<testsuite xmlns:xsi="http://www.w3.org/2001/XMLSchema-instance" xsi:noNamespaceSchemaLocation="https://maven.apache.org/surefire/maven-surefire-plugin/xsd/surefire-test-report-3.0.xsd" version="3.0" name="com.xian.medical.controller.UserControllerTest$UpdatePasswordTests" time="0.05" tests="6" errors="0" skipped="0" failures="0">
  <properties>
[...]
</properties>
  <testcase name="should_return_error_when_user_id_is_null" classname="com.xian.medical.controller.UserControllerTest$UpdatePasswordTests" time="0.038"/>
  <testcase name="should_return_success_true_when_password_update_succeeds" classname="com.xian.medical.controller.UserControllerTest$UpdatePasswordTests" time="0.002"/>
  <testcase name="should_return_error_when_password_update_fails" classname="com.xian.medical.controller.UserControllerTest$UpdatePasswordTests" time="0.002"/>
  <testcase name="should_return_success_true_when_updating_to_same_password" classname="com.xian.medical.controller.UserControllerTest$UpdatePasswordTests" time="0.002"/>
  <testcase name="should_return_success_when_updating_with_existing_user_id" classname="com.xian.medical.controller.UserControllerTest$UpdatePasswordTests" time="0.002"/>
  <testcase name="should_throw_exception_when_service_throws_runtime_exception" classname="com.xian.medical.controller.UserControllerTest$UpdatePasswordTests" time="0.003"/>
</testsuite>